<?xml version='1.0' encoding='UTF-8'?>
<testsuite hostname="DESKTOP-EJTBFF1" name="ExampleTests" tests="2" errors="0" failures="0" skipped="0" time="0.141" timestamp="2021-02-17T16:36:18">
                     <properties>
      <property name="jline.esc.timeout" value="0"/><property name="java.runtime.name" value="OpenJDK Runtime Environment"/><property name="sun.boot.library.path" value="C:\Users\Danilo Kaltner\AppData\Local\Coursier\cache\jvm\adopt@1.8.0-275\jre\bin"/><property name="java.vm.version" value="25.275-b01"/><property name="java.vm.vendor" value="AdoptOpenJDK"/><property name="java.vendor.url" value="https://adoptopenjdk.net/"/><property name="path.separator" value=";"/><property name="jna.loaded" value="true"/><property name="java.vm.name" value="OpenJDK 64-Bit Server VM"/><property name="file.encoding.pkg" value="sun.io"/><property name="user.country" value="US"/><property name="user.script" value=""/><property name="sun.java.launcher" value="SUN_STANDARD"/><property name="sun.os.patch.level" value=""/><property name="jna.nosys" value="true"/><property name="java.vm.specification.name" value="Java Virtual Machine Specification"/><property name="user.dir" value="C:\Users\Danilo Kaltner\Documents\www\scala\stop-gninnip-my-sdrow"/><property name="java.runtime.version" value="1.8.0_275-b01"/><property name="java.awt.graphicsenv" value="sun.awt.Win32GraphicsEnvironment"/><property name="java.endorsed.dirs" value="C:\Users\Danilo Kaltner\AppData\Local\Coursier\cache\jvm\adopt@1.8.0-275\jre\lib\endorsed"/><property name="os.arch" value="amd64"/><property name="java.io.tmpdir" value="C:\Users\DANILO~1\AppData\Local\Temp\"/><property name="line.separator" value="
"/><property name="java.vm.specification.vendor" value="Oracle Corporation"/><property name="log4j.ignoreTCL" value="true"/><property name="user.variant" value=""/><property name="os.name" value="Windows 10"/><property name="sun.jnu.encoding" value="Cp1252"/><property name="jnidispatch.path" value="C:\Users\DANILO~1\AppData\Local\Temp\jna-1050712792\jna8072701308129305252.dll"/><property name="java.library.path" value="C:\Users\Danilo Kaltner\AppData\Local\Coursier\cache\jvm\adopt@1.8.0-275\bin;C:\WINDOWS\Sun\Java\bin;C:\WINDOWS\system32;C:\WINDOWS;C:\Users\Danilo Kaltner\AppData\Local\Coursier\cache\jvm\adopt@1.8.0-275\bin;C:\Program Files\AdoptOpenJDK\jdk-11.0.10.9-hotspot\bin;C:\Program Files (x86)\Intel\iCLS Client\;C:\Program Files\Intel\iCLS Client\;C:\Windows\system32;C:\Windows;C:\Windows\System32\Wbem;C:\Windows\System32\WindowsPowerShell\v1.0\;C:\Windows\System32\OpenSSH\;C:\Program Files\NVIDIA Corporation\NVIDIA NvDLISR;C:\Program Files (x86)\Intel\Intel(R) Management Engine Components\DAL;C:\Program Files\Intel\Intel(R) Management Engine Components\DAL;C:\Program Files (x86)\Intel\Intel(R) Management Engine Components\IPT;C:\Program Files\Intel\Intel(R) Management Engine Components\IPT;C:\Program Files (x86)\NVIDIA Corporation\PhysX\Common;C:\Program Files (x86)\QuickTime\QTSystem\;C:\ProgramData\chocolatey\bin;C:\WINDOWS\system32;C:\WINDOWS;C:\WINDOWS\System32\Wbem;C:\WINDOWS\System32\WindowsPowerShell\v1.0\;C:\WINDOWS\System32\OpenSSH\;C:\Go\bin;C:\Program Files (x86)\scala\bin;C:\Program Files\Git\cmd;C:\Program Files (x86)\sbt\bin;C:\Users\Danilo Kaltner\AppData\Local\Microsoft\WindowsApps;C:\Users\Danilo Kaltner\go\bin;C:\Users\Danilo Kaltner\AppData\Local\Coursier\cache\jvm\adopt@1.8.0-275\bin;C:\Users\Danilo Kaltner\AppData\Local\Coursier\data\bin;C:\Users\Danilo Kaltner\AppData\Local\Programs\Microsoft VS Code\bin;."/><property name="java.specification.name" value="Java Platform API Specification"/><property name="java.class.version" value="52.0"/><property name="sun.management.compiler" value="HotSpot 64-Bit Tiered Compilers"/><property name="os.version" value="10.0"/><property name="swoval.tmpdir" value="C:\Users\Danilo Kaltner\.sbt\1.0"/><property name="user.home" value="C:\Users\Danilo Kaltner"/><property name="user.timezone" value="America/Los_Angeles"/><property name="java.awt.printerjob" value="sun.awt.windows.WPrinterJob"/><property name="file.encoding" value="UTF-8"/><property name="java.specification.version" value="1.8"/><property name="java.class.path" value="C:\Program Files (x86)\sbt\\bin\sbt-launch.jar"/><property name="user.name" value="Danilo Kaltner"/><property name="jline.shutdownhook" value="false"/><property name="java.vm.specification.version" value="1.8"/><property name="sun.java.command" value="xsbt.boot.Boot test"/><property name="java.home" value="C:\Users\Danilo Kaltner\AppData\Local\Coursier\cache\jvm\adopt@1.8.0-275\jre"/><property name="sun.arch.data.model" value="64"/><property name="user.language" value="en"/><property name="java.specification.vendor" value="Oracle Corporation"/><property name="awt.toolkit" value="sun.awt.windows.WToolkit"/><property name="java.vm.info" value="mixed mode"/><property name="java.version" value="1.8.0_275"/><property name="java.ext.dirs" value="C:\Users\Danilo Kaltner\AppData\Local\Coursier\cache\jvm\adopt@1.8.0-275\jre\lib\ext;C:\WINDOWS\Sun\Java\lib\ext"/><property name="sun.boot.class.path" value="C:\Users\Danilo Kaltner\AppData\Local\Coursier\cache\jvm\adopt@1.8.0-275\jre\lib\resources.jar;C:\Users\Danilo Kaltner\AppData\Local\Coursier\cache\jvm\adopt@1.8.0-275\jre\lib\rt.jar;C:\Users\Danilo Kaltner\AppData\Local\Coursier\cache\jvm\adopt@1.8.0-275\jre\lib\sunrsasign.jar;C:\Users\Danilo Kaltner\AppData\Local\Coursier\cache\jvm\adopt@1.8.0-275\jre\lib\jsse.jar;C:\Users\Danilo Kaltner\AppData\Local\Coursier\cache\jvm\adopt@1.8.0-275\jre\lib\jce.jar;C:\Users\Danilo Kaltner\AppData\Local\Coursier\cache\jvm\adopt@1.8.0-275\jre\lib\charsets.jar;C:\Users\Danilo Kaltner\AppData\Local\Coursier\cache\jvm\adopt@1.8.0-275\jre\lib\jfr.jar;C:\Users\Danilo Kaltner\AppData\Local\Coursier\cache\jvm\adopt@1.8.0-275\jre\classes"/><property name="java.vendor" value="AdoptOpenJDK"/><property name="sun.stderr.encoding" value="cp437"/><property name="file.separator" value="\"/><property name="java.vendor.url.bug" value="https://github.com/AdoptOpenJDK/openjdk-support/issues"/><property name="sun.io.unicode.encoding" value="UnicodeLittle"/><property name="sun.cpu.endian" value="little"/><property name="sun.stdout.encoding" value="cp437"/><property name="sun.desktop" value="windows"/><property name="sun.cpu.isalist" value="amd64"/>
    </properties>
                     <testcase classname="ExampleTests" name="Codewars.spinWordsSimple should work with example tests" time="0.052">
                                                 
                                               </testcase><testcase classname="ExampleTests" name="Codewars.spinWordsUsingVars should work with example tests" time="0.089">
                                                 
                                               </testcase>
                     <system-out><![CDATA[]]></system-out>
                     <system-err><![CDATA[]]></system-err>
                   </testsuite>